"C:\Program Files\JetBrains\CLion 2022.2.1\bin\cmake\win\bin\cmake.exe" -DCMAKE_BUILD_TYPE=Release -DCMAKE_SYSTEM_NAME=Android -DCMAKE_TOOLCHAIN_FILE=C:\Users\Thoma\dev\vcpkg\scripts\buildsystems\vcpkg.cmake -S C:\Users\Thoma\dev\PointzAlive -B C:\Users\Thoma\dev\PointzAlive\cmake-build-android
-- Running vcpkg install
waiting to take filesystem lock on C:\Users\Thoma\dev\vcpkg\.vcpkg-root...
Error: invalid triplet: x86-
Available architecture triplets
VCPKG built-in triplets:
  arm-uwp
  arm64-windows
  x64-linux
  x64-osx
  x64-uwp
  x64-windows-static
  x64-windows
  x86-windows

VCPKG community triplets:
  arm-android
  arm-ios
  arm-linux
  arm-mingw-dynamic
  arm-mingw-static
  arm-neon-android
  arm-windows-static
  arm-windows
  arm64-android
  arm64-ios
  arm64-linux
  arm64-mingw-dynamic
  arm64-mingw-static
  arm64-osx-dynamic
  arm64-osx
  arm64-uwp
  arm64-windows-static-md
  arm64-windows-static
  armv6-android
  ppc64le-linux
  s390x-linux
  wasm32-emscripten
  x64-android
  x64-freebsd
  x64-ios
  x64-linux-dynamic
  x64-linux-release
  x64-mingw-dynamic
  x64-mingw-static
  x64-openbsd
  x64-osx-dynamic
  x64-osx-release
  x64-windows-release
  x64-windows-static-md
  x86-android
  x86-freebsd
  x86-ios
  x86-mingw-dynamic
  x86-mingw-static
  x86-uwp
  x86-windows-static-md
  x86-windows-static
  x86-windows-v120
-- Running vcpkg install - failed
CMake Error at C:/Users/Thoma/dev/vcpkg/scripts/buildsystems/vcpkg.cmake:863 (message):
  vcpkg install failed.  See logs for more information:
  C:\Users\Thoma\dev\PointzAlive\cmake-build-android\vcpkg-manifest-install.log
Call Stack (most recent call first):
  C:/Program Files/JetBrains/CLion 2022.2.1/bin/cmake/win/share/cmake-3.23/Modules/CMakeDetermineSystem.cmake:124 (include)
  CMakeLists.txt:3 (project)


CMake Error at CMakeLists.txt:3 (project):
  Failed to run MSBuild command:

    C:/Program Files (x86)/Microsoft Visual Studio/2017/BuildTools/MSBuild/15.0/Bin/MSBuild.exe

  to get the value of VCTargetsPath:

    Microsoft (R) Build Engine versione 15.9.21+g9802d43bc3 per .NET Framework
    Copyright (C) Microsoft Corporation. Tutti i diritti sono riservati.
    
    Compilazione avviata 30/09/2022 18:53:32.
    Progetto "C:\Users\Thoma\dev\PointzAlive\cmake-build-android\CMakeFiles\3.23.2\VCTargetsPath.vcxproj" sul nodo 1 (destinazioni predefinite).
    C:\Program Files (x86)\Microsoft Visual Studio\2017\BuildTools\Common7\IDE\VC\VCTargets\Microsoft.Cpp.Platform.targets(67,5): error MSB8020: non è possibile trovare gli strumenti di compilazione per Clang_5_0 (Set di strumenti della piattaforma = 'Clang_5_0'). Per compilare usando gli strumenti di compilazione di Clang_5_0, installare gli strumenti di compilazione di Clang_5_0. In alternativa, è possibile eseguire l'aggiornamento agli strumenti correnti di Visual Studio selezionando il menu Progetto o facendo clic con il pulsante destro del mouse sulla soluzione e quindi scegliendo "Ridestina soluzione". [C:\Users\Thoma\dev\PointzAlive\cmake-build-android\CMakeFiles\3.23.2\VCTargetsPath.vcxproj]
    Compilazione progetto "C:\Users\Thoma\dev\PointzAlive\cmake-build-android\CMakeFiles\3.23.2\VCTargetsPath.vcxproj" (destinazioni predefinite) NON COMPLETATA.
    
    Compilazione NON RIUSCITA.
    
    "C:\Users\Thoma\dev\PointzAlive\cmake-build-android\CMakeFiles\3.23.2\VCTargetsPath.vcxproj" (destinazione predefinita) (1) ->
    (destinazione: PlatformPrepareForBuild) -> 
      C:\Program Files (x86)\Microsoft Visual Studio\2017\BuildTools\Common7\IDE\VC\VCTargets\Microsoft.Cpp.Platform.targets(67,5): error MSB8020: non è possibile trovare gli strumenti di compilazione per Clang_5_0 (Set di strumenti della piattaforma = 'Clang_5_0'). Per compilare usando gli strumenti di compilazione di Clang_5_0, installare gli strumenti di compilazione di Clang_5_0. In alternativa, è possibile eseguire l'aggiornamento agli strumenti correnti di Visual Studio selezionando il menu Progetto o facendo clic con il pulsante destro del mouse sulla soluzione e quindi scegliendo "Ridestina soluzione". [C:\Users\Thoma\dev\PointzAlive\cmake-build-android\CMakeFiles\3.23.2\VCTargetsPath.vcxproj]
    
        Avvisi: 0
        Errori: 1
    
    Tempo trascorso 00:00:01.63
    

  Exit code: 1



-- Configuring incomplete, errors occurred!
